Using pre-set license
Built from '2021.1/staging' branch; Version is '2021.1.15f1 (e767a7370072) revision 15165351'; Using compiler version '192528614'; Build Type 'Release'
OS: 'Windows 10 Pro; OS build 19043.1165; Version 2009; 64bit' Language: 'en' Physical Memory: 16249 MB
BatchMode: 1, IsHumanControllingUs: 0, StartBugReporterOnCrash: 0, Is64bit: 1, IsPro: 0

 COMMAND LINE ARGUMENTS:
C:\Program Files\Unity\Hub\Editor\2021.1.15f1\Editor\Unity.exe
-adb2
-batchMode
-noUpm
-name
AssetImportWorker0
-projectPath
C:/Users/derle/OneDrive/Documents/GameCreation/Studying Projects/Apple Picker Prototype
-logFile
Logs/AssetImportWorker0.log
-srvPort
1254
Successfully changed project path to: C:/Users/derle/OneDrive/Documents/GameCreation/Studying Projects/Apple Picker Prototype
C:/Users/derle/OneDrive/Documents/GameCreation/Studying Projects/Apple Picker Prototype
Using Asset Import Pipeline V2.
Refreshing native plugins compatible for Editor in 108.60 ms, found 3 plugins.
Preloading 0 native plugins for Editor in 0.00 ms.
Initialize engine version: 2021.1.15f1 (e767a7370072)
[Subsystems] Discovering subsystems at path C:/Program Files/Unity/Hub/Editor/2021.1.15f1/Editor/Data/Resources/UnitySubsystems
[Subsystems] Discovering subsystems at path C:/Users/derle/OneDrive/Documents/GameCreation/Studying Projects/Apple Picker Prototype/Assets
GfxDevice: creating device client; threaded=0; jobified=0
Direct3D:
    Version:  Direct3D 11.0 [level 11.1]
    Renderer: NVIDIA GeForce GTX 1060 with Max-Q Design (ID=0x1c20)
    Vendor:   NVIDIA
    VRAM:     6052 MB
    Driver:   30.0.14.7111
Initialize mono
Mono path[0] = 'C:/Program Files/Unity/Hub/Editor/2021.1.15f1/Editor/Data/Managed'
Mono path[1] = 'C:/Program Files/Unity/Hub/Editor/2021.1.15f1/Editor/Data/MonoBleedingEdge/lib/mono/unityjit'
Mono config path = 'C:/Program Files/Unity/Hub/Editor/2021.1.15f1/Editor/Data/MonoBleedingEdge/etc'
Using monoOptions --debugger-agent=transport=dt_socket,embedding=1,server=y,suspend=n,address=127.0.0.1:56480
Begin MonoManager ReloadAssembly
Registering precompiled unity dll's ...
Register platform support module: C:/Program Files/Unity/Hub/Editor/2021.1.15f1/Editor/Data/PlaybackEngines/WebGLSupport/UnityEditor.WebGL.Extensions.dll
Register platform support module: C:/Program Files/Unity/Hub/Editor/2021.1.15f1/Editor/Data/PlaybackEngines/MacStandaloneSupport/UnityEditor.OSXStandalone.Extensions.dll
Register platform support module: C:/Program Files/Unity/Hub/Editor/2021.1.15f1/Editor/Data/PlaybackEngines/WindowsStandaloneSupport/UnityEditor.WindowsStandalone.Extensions.dll
Register platform support module: C:/Program Files/Unity/Hub/Editor/2021.1.15f1/Editor/Data/PlaybackEngines/LinuxStandaloneSupport/UnityEditor.LinuxStandalone.Extensions.dll
Register platform support module: C:/Program Files/Unity/Hub/Editor/2021.1.15f1/Editor/Data/PlaybackEngines/LuminSupport/UnityEditor.Lumin.Extensions.dll
Registered in 0.006915 seconds.
Native extension for Lumin target not found
Native extension for LinuxStandalone target not found
Native extension for WindowsStandalone target not found
Native extension for OSXStandalone target not found
Native extension for WebGL target not found
Refreshing native plugins compatible for Editor in 107.37 ms, found 3 plugins.
Preloading 0 native plugins for Editor in 0.00 ms.
Mono: successfully reloaded assembly
- Completed reload, in  3.835 seconds
Domain Reload Profiling:
	ReloadAssembly (3836ms)
		BeginReloadAssembly (91ms)
			ExecutionOrderSort (0ms)
			DisableScriptedObjects (0ms)
			BackupInstance (0ms)
			ReleaseScriptingObjects (0ms)
			CreateAndSetChildDomain (1ms)
		EndReloadAssembly (734ms)
			LoadAssemblies (89ms)
			RebuildTransferFunctionScriptingTraits (0ms)
			SetupTypeCache (283ms)
			ReleaseScriptCaches (0ms)
			RebuildScriptCaches (52ms)
			SetupLoadedEditorAssemblies (320ms)
				LogAssemblyErrors (0ms)
				InitializePlatformSupportModulesInManaged (16ms)
				SetLoadedEditorAssemblies (1ms)
				RefreshPlugins (107ms)
				BeforeProcessingInitializeOnLoad (2ms)
				ProcessInitializeOnLoadAttributes (149ms)
				ProcessInitializeOnLoadMethodAttributes (44ms)
				AfterProcessingInitializeOnLoad (0ms)
				EditorAssembliesLoaded (0ms)
			ExecutionOrderSort2 (0ms)
			AwakeInstancesAfterBackupRestoration (0ms)
Platform modules already initialized, skipping
Registering precompiled user dll's ...
Registered in 0.011107 seconds.
Begin MonoManager ReloadAssembly
Symbol file LoadedFromMemory doesn't match image C:\Users\derle\OneDrive\Documents\GameCreation\Studying Projects\Apple Picker Prototype\Library\PackageCache\com.unity.visualscripting@1.6.1\Editor\VisualScripting.Core\Dependencies\YamlDotNet\Unity.VisualScripting.YamlDotNet.dll
Symbol file LoadedFromMemory doesn't match image C:\Users\derle\OneDrive\Documents\GameCreation\Studying Projects\Apple Picker Prototype\Library\PackageCache\com.unity.visualscripting@1.6.1\Editor\VisualScripting.Core\Dependencies\DotNetZip\Unity.VisualScripting.IonicZip.dll
Native extension for Lumin target not found
Native extension for LinuxStandalone target not found
Native extension for WindowsStandalone target not found
Native extension for OSXStandalone target not found
Native extension for WebGL target not found
Refreshing native plugins compatible for Editor in 0.66 ms, found 3 plugins.
Preloading 0 native plugins for Editor in 0.00 ms.
Mono: successfully reloaded assembly
- Completed reload, in  1.737 seconds
Domain Reload Profiling:
	ReloadAssembly (1738ms)
		BeginReloadAssembly (231ms)
			ExecutionOrderSort (0ms)
			DisableScriptedObjects (13ms)
			BackupInstance (0ms)
			ReleaseScriptingObjects (0ms)
			CreateAndSetChildDomain (27ms)
		EndReloadAssembly (1409ms)
			LoadAssemblies (139ms)
			RebuildTransferFunctionScriptingTraits (0ms)
			SetupTypeCache (511ms)
			ReleaseScriptCaches (1ms)
			RebuildScriptCaches (80ms)
			SetupLoadedEditorAssemblies (544ms)
				LogAssemblyErrors (0ms)
				InitializePlatformSupportModulesInManaged (14ms)
				SetLoadedEditorAssemblies (1ms)
				RefreshPlugins (1ms)
				BeforeProcessingInitializeOnLoad (121ms)
				ProcessInitializeOnLoadAttributes (387ms)
				ProcessInitializeOnLoadMethodAttributes (6ms)
				AfterProcessingInitializeOnLoad (13ms)
				EditorAssembliesLoaded (1ms)
			ExecutionOrderSort2 (0ms)
			AwakeInstancesAfterBackupRestoration (11ms)
Platform modules already initialized, skipping
========================================================================
Worker process is ready to serve import requests
Launched and connected shader compiler UnityShaderCompiler.exe after 0.10 seconds
Refreshing native plugins compatible for Editor in 0.62 ms, found 3 plugins.
Preloading 0 native plugins for Editor in 0.00 ms.
Unloading 2948 Unused Serialized files (Serialized files now loaded: 0)
System memory in use before: 106.8 MB.
System memory in use after: 107.0 MB.

Unloading 22 unused Assets to reduce memory usage. Loaded Objects now: 3394.
Total: 2.858500 ms (FindLiveObjects: 0.264900 ms CreateObjectMapping: 0.168700 ms MarkObjects: 2.350700 ms  DeleteObjects: 0.072800 ms)

AssetImportParameters requested are different than current active one (requested -> active):
  custom:framework-win-MediaFoundation: 216162199b28c13a410421893ffa2e32 -> 
  custom:video-decoder-ogg-theora: a1e56fd34408186e4bbccfd4996cb3dc -> 
  custom:container-muxer-webm: aa71ff27fc2769a1b78a27578f13a17b -> 
  custom:container-demuxer-webm: 4f35f7cbe854078d1ac9338744f61a02 -> 
  custom:container-demuxer-ogg: 62fdf1f143b41e24485cea50d1cbac27 -> 
  custom:video-encoder-webm-vp8: eb34c28f22e8b96e1ab97ce403110664 -> 
  custom:video-decoder-webm-vp8: 9c59270c3fd7afecdb556c50c9e8de78 -> 
  custom:audio-decoder-ogg-vorbis: bf7c407c2cedff20999df2af8eb42d56 -> 
  custom:audio-encoder-webm-vorbis: bf7c407c2cedff20999df2af8eb42d56 -> 
========================================================================
Received Import Request.
  path: Assets/HighScore.cs
  artifactKey: Guid(4555ceaa8473a944a9ed0252f060cb15) Importer(815301076,1909f56bfc062723c751e8b465ee728b)
Start importing Assets/HighScore.cs using Guid(4555ceaa8473a944a9ed0252f060cb15) Importer(815301076,1909f56bfc062723c751e8b465ee728b)  -> (artifact id: '2795ee7db804f4661e12f4c50aec8af4') in 0.038615 seconds 
========================================================================
Received Import Request.
  Time since last request: 8.461886 seconds.
  path: Assets/_Scene_1.unity
  artifactKey: Guid(ff7999d46911e63469fc0bc69695a0e5) Importer(815301076,1909f56bfc062723c751e8b465ee728b)
Start importing Assets/_Scene_1.unity using Guid(ff7999d46911e63469fc0bc69695a0e5) Importer(815301076,1909f56bfc062723c751e8b465ee728b)  -> (artifact id: '6d847b4bab2feaafec4de787fa2fe24d') in 0.018249 seconds 
========================================================================
Received Import Request.
  Time since last request: 4.763556 seconds.
  path: Assets/_Scene_Start.unity
  artifactKey: Guid(50f2469b232e424499ae7d6151aea493) Importer(815301076,1909f56bfc062723c751e8b465ee728b)
Start importing Assets/_Scene_Start.unity using Guid(50f2469b232e424499ae7d6151aea493) Importer(815301076,1909f56bfc062723c751e8b465ee728b)  -> (artifact id: 'e1f4d3842a48430585b59deeb7c21a7a') in 0.005932 seconds 
========================================================================
Received Import Request.
  Time since last request: 30.284896 seconds.
  path: Assets/_Scene_0.unity
  artifactKey: Guid(a70cdf6ba5e9cd94d807ff9cbb1a23fe) Importer(815301076,1909f56bfc062723c751e8b465ee728b)
Start importing Assets/_Scene_0.unity using Guid(a70cdf6ba5e9cd94d807ff9cbb1a23fe) Importer(815301076,1909f56bfc062723c751e8b465ee728b)  -> (artifact id: 'dc49e3e0a7308c1a9d23ff082a7cd53f') in 0.006541 seconds 
========================================================================
Received Prepare
Registering precompiled user dll's ...
Registered in 0.014588 seconds.
Begin MonoManager ReloadAssembly
Symbol file LoadedFromMemory doesn't match image C:\Users\derle\OneDrive\Documents\GameCreation\Studying Projects\Apple Picker Prototype\Library\PackageCache\com.unity.visualscripting@1.6.1\Editor\VisualScripting.Core\Dependencies\YamlDotNet\Unity.VisualScripting.YamlDotNet.dll
Symbol file LoadedFromMemory doesn't match image C:\Users\derle\OneDrive\Documents\GameCreation\Studying Projects\Apple Picker Prototype\Library\PackageCache\com.unity.visualscripting@1.6.1\Editor\VisualScripting.Core\Dependencies\DotNetZip\Unity.VisualScripting.IonicZip.dll
Native extension for Lumin target not found
Native extension for LinuxStandalone target not found
Native extension for WindowsStandalone target not found
Native extension for OSXStandalone target not found
Native extension for WebGL target not found
Refreshing native plugins compatible for Editor in 0.68 ms, found 3 plugins.
Preloading 0 native plugins for Editor in 0.00 ms.
Mono: successfully reloaded assembly
- Completed reload, in  1.895 seconds
Domain Reload Profiling:
	ReloadAssembly (1896ms)
		BeginReloadAssembly (187ms)
			ExecutionOrderSort (0ms)
			DisableScriptedObjects (7ms)
			BackupInstance (0ms)
			ReleaseScriptingObjects (0ms)
			CreateAndSetChildDomain (54ms)
		EndReloadAssembly (1610ms)
			LoadAssemblies (150ms)
			RebuildTransferFunctionScriptingTraits (0ms)
			SetupTypeCache (582ms)
			ReleaseScriptCaches (2ms)
			RebuildScriptCaches (85ms)
			SetupLoadedEditorAssemblies (634ms)
				LogAssemblyErrors (0ms)
				InitializePlatformSupportModulesInManaged (17ms)
				SetLoadedEditorAssemblies (1ms)
				RefreshPlugins (1ms)
				BeforeProcessingInitializeOnLoad (136ms)
				ProcessInitializeOnLoadAttributes (454ms)
				ProcessInitializeOnLoadMethodAttributes (11ms)
				AfterProcessingInitializeOnLoad (14ms)
				EditorAssembliesLoaded (0ms)
			ExecutionOrderSort2 (0ms)
			AwakeInstancesAfterBackupRestoration (11ms)
Platform modules already initialized, skipping
Refreshing native plugins compatible for Editor in 0.75 ms, found 3 plugins.
Preloading 0 native plugins for Editor in 0.00 ms.
Unloading 2950 Unused Serialized files (Serialized files now loaded: 0)
System memory in use before: 106.9 MB.
System memory in use after: 107.1 MB.

Unloading 17 unused Assets to reduce memory usage. Loaded Objects now: 3405.
Total: 3.628100 ms (FindLiveObjects: 0.333500 ms CreateObjectMapping: 0.223900 ms MarkObjects: 3.039600 ms  DeleteObjects: 0.029300 ms)

AssetImportParameters requested are different than current active one (requested -> active):
  custom:framework-win-MediaFoundation: 216162199b28c13a410421893ffa2e32 -> 
  custom:video-decoder-ogg-theora: a1e56fd34408186e4bbccfd4996cb3dc -> 
  custom:container-muxer-webm: aa71ff27fc2769a1b78a27578f13a17b -> 
  custom:container-demuxer-webm: 4f35f7cbe854078d1ac9338744f61a02 -> 
  custom:container-demuxer-ogg: 62fdf1f143b41e24485cea50d1cbac27 -> 
  custom:video-encoder-webm-vp8: eb34c28f22e8b96e1ab97ce403110664 -> 
  custom:video-decoder-webm-vp8: 9c59270c3fd7afecdb556c50c9e8de78 -> 
  custom:audio-decoder-ogg-vorbis: bf7c407c2cedff20999df2af8eb42d56 -> 
  custom:audio-encoder-webm-vorbis: bf7c407c2cedff20999df2af8eb42d56 -> 
========================================================================
Received Import Request.
  Time since last request: 86.348395 seconds.
  path: Assets/Apple.cs
  artifactKey: Guid(3435316412c106346bede413f36c9288) Importer(2089858483,934ff659095e30574adcf32a4c2f97b5)
Start importing Assets/Apple.cs using Guid(3435316412c106346bede413f36c9288) Importer(2089858483,934ff659095e30574adcf32a4c2f97b5)  -> (artifact id: '050f9ee2c94d9bcf0f813302456b803f') in 0.091254 seconds 
========================================================================
Received Import Request.
  Time since last request: 0.000251 seconds.
  path: Assets/Mat_Apple.mat
  artifactKey: Guid(7f1037bdaea172548a93b35171e05a9d) Importer(2089858483,934ff659095e30574adcf32a4c2f97b5)
Start importing Assets/Mat_Apple.mat using Guid(7f1037bdaea172548a93b35171e05a9d) Importer(2089858483,934ff659095e30574adcf32a4c2f97b5)  -> (artifact id: '37d1c32ff12eca903fbcc0c891d30af8') in 0.027716 seconds 
========================================================================
Received Import Request.
  Time since last request: 0.000286 seconds.
  path: Assets/HighScore.cs
  artifactKey: Guid(4555ceaa8473a944a9ed0252f060cb15) Importer(2089858483,934ff659095e30574adcf32a4c2f97b5)
Start importing Assets/HighScore.cs using Guid(4555ceaa8473a944a9ed0252f060cb15) Importer(2089858483,934ff659095e30574adcf32a4c2f97b5)  -> (artifact id: '8520660cecf193b60fbcd7e7531b02c6') in 0.018117 seconds 
========================================================================
Received Import Request.
  Time since last request: 0.000260 seconds.
  path: Assets/_Scene_0/LightingData.asset
  artifactKey: Guid(73a347b251bb11c4f8fe126369ddc958) Importer(2089858483,934ff659095e30574adcf32a4c2f97b5)
Start importing Assets/_Scene_0/LightingData.asset using Guid(73a347b251bb11c4f8fe126369ddc958) Importer(2089858483,934ff659095e30574adcf32a4c2f97b5)  -> (artifact id: '34d3dbbc4084c41be01df865715f1449') in 0.022358 seconds 
========================================================================
Received Import Request.
  Time since last request: 0.000276 seconds.
  path: Assets/ApplePicker.cs
  artifactKey: Guid(4f88f8461d30fca4e8f5f4a68c746d07) Importer(2089858483,934ff659095e30574adcf32a4c2f97b5)
Start importing Assets/ApplePicker.cs using Guid(4f88f8461d30fca4e8f5f4a68c746d07) Importer(2089858483,934ff659095e30574adcf32a4c2f97b5)  -> (artifact id: '68740608c256b301b3be59a15dd1d82b') in 0.016649 seconds 
========================================================================
Received Import Request.
  Time since last request: 0.000378 seconds.
  path: Assets/Basket.cs
  artifactKey: Guid(9dfb9fbfedf25e1459729f4341326f17) Importer(2089858483,934ff659095e30574adcf32a4c2f97b5)
Start importing Assets/Basket.cs using Guid(9dfb9fbfedf25e1459729f4341326f17) Importer(2089858483,934ff659095e30574adcf32a4c2f97b5)  -> (artifact id: '70e9c25fe09fbf6f517b2b66a8a7bac5') in 0.019157 seconds 
========================================================================
Received Import Request.
  Time since last request: 0.000366 seconds.
  path: Assets/AppleTree.cs
  artifactKey: Guid(a12779b3412ab7a4ea4d306c63022a85) Importer(2089858483,934ff659095e30574adcf32a4c2f97b5)
Start importing Assets/AppleTree.cs using Guid(a12779b3412ab7a4ea4d306c63022a85) Importer(2089858483,934ff659095e30574adcf32a4c2f97b5)  -> (artifact id: '91e0d02e938cf789114d8800244a0c5d') in 0.018593 seconds 
========================================================================
Received Import Request.
  Time since last request: 0.000319 seconds.
  path: Assets/_Scene_0.unity
  artifactKey: Guid(a70cdf6ba5e9cd94d807ff9cbb1a23fe) Importer(2089858483,934ff659095e30574adcf32a4c2f97b5)
Start importing Assets/_Scene_0.unity using Guid(a70cdf6ba5e9cd94d807ff9cbb1a23fe) Importer(2089858483,934ff659095e30574adcf32a4c2f97b5)  -> (artifact id: '315cb686112113d7adb13eded5f25c14') in 0.018510 seconds 
========================================================================
Received Import Request.
  Time since last request: 0.000296 seconds.
  path: Assets/_Scene_0/ReflectionProbe-0.exr
  artifactKey: Guid(88bba3ce5b6378a419781b5b919db302) Importer(2089858483,934ff659095e30574adcf32a4c2f97b5)
Start importing Assets/_Scene_0/ReflectionProbe-0.exr using Guid(88bba3ce5b6378a419781b5b919db302) Importer(2089858483,934ff659095e30574adcf32a4c2f97b5)  -> (artifact id: 'dc153f2821d9f79c908453bfac3839c9') in 0.026798 seconds 
========================================================================
Received Import Request.
  Time since last request: 0.000301 seconds.
  path: Assets/Mat_Leaves.mat
  artifactKey: Guid(424dee2815714484091a2b67733d7235) Importer(2089858483,934ff659095e30574adcf32a4c2f97b5)
Start importing Assets/Mat_Leaves.mat using Guid(424dee2815714484091a2b67733d7235) Importer(2089858483,934ff659095e30574adcf32a4c2f97b5)  -> (artifact id: 'cc66714e884caa82f76c81a24d452ec6') in 0.016835 seconds 
========================================================================
Received Import Request.
  Time since last request: 0.000281 seconds.
  path: Assets/StartWindow.cs
  artifactKey: Guid(48b9dc682f1046f45800707b68fd1836) Importer(2089858483,934ff659095e30574adcf32a4c2f97b5)
Start importing Assets/StartWindow.cs using Guid(48b9dc682f1046f45800707b68fd1836) Importer(2089858483,934ff659095e30574adcf32a4c2f97b5)  -> (artifact id: 'cc366a6cc2118509c97d63d64b62233d') in 0.016560 seconds 
========================================================================
Received Import Request.
  Time since last request: 0.000296 seconds.
  path: Assets/Mat_Basket.mat
  artifactKey: Guid(14e2ef5d2b0cb9d4cb708e9fd01f7cd5) Importer(2089858483,934ff659095e30574adcf32a4c2f97b5)
Start importing Assets/Mat_Basket.mat using Guid(14e2ef5d2b0cb9d4cb708e9fd01f7cd5) Importer(2089858483,934ff659095e30574adcf32a4c2f97b5)  -> (artifact id: '73b7ff5c567e3fce625789264b6650b7') in 0.015851 seconds 
========================================================================
Received Import Request.
  Time since last request: 0.000303 seconds.
  path: Assets/Mat_Wood.mat
  artifactKey: Guid(f349d9378a874f34cb84f7a780e4c4e2) Importer(2089858483,934ff659095e30574adcf32a4c2f97b5)
Start importing Assets/Mat_Wood.mat using Guid(f349d9378a874f34cb84f7a780e4c4e2) Importer(2089858483,934ff659095e30574adcf32a4c2f97b5)  -> (artifact id: '9057549e3f66a751aae1a5676617a8c8') in 0.016039 seconds 
========================================================================
Received Import Request.
  Time since last request: 0.000266 seconds.
  path: Assets/AppleTree.prefab
  artifactKey: Guid(a5f48e16887372243ba1a9a274f8e3c7) Importer(2089858483,934ff659095e30574adcf32a4c2f97b5)
Start importing Assets/AppleTree.prefab using Guid(a5f48e16887372243ba1a9a274f8e3c7) Importer(2089858483,934ff659095e30574adcf32a4c2f97b5)  -> (artifact id: 'a1643f34dc2c82ae06d558ec52631829') in 0.017862 seconds 
========================================================================
Received Import Request.
  Time since last request: 0.000274 seconds.
  path: Assets/Basket.prefab
  artifactKey: Guid(bbe385fcd3e935f4da11d9d24db54aa3) Importer(2089858483,934ff659095e30574adcf32a4c2f97b5)
Start importing Assets/Basket.prefab using Guid(bbe385fcd3e935f4da11d9d24db54aa3) Importer(2089858483,934ff659095e30574adcf32a4c2f97b5)  -> (artifact id: 'fbf11f45237e62386d7db49c4f46fb5c') in 0.013025 seconds 
========================================================================
Received Import Request.
  Time since last request: 0.000324 seconds.
  path: Assets/Apple.prefab
  artifactKey: Guid(b84ab91ac4e0c3749b7f9e527ea56d4f) Importer(2089858483,934ff659095e30574adcf32a4c2f97b5)
Start importing Assets/Apple.prefab using Guid(b84ab91ac4e0c3749b7f9e527ea56d4f) Importer(2089858483,934ff659095e30574adcf32a4c2f97b5)  -> (artifact id: '4e6542b71e9a226a7e27c09b31ffd1ef') in 0.016326 seconds 
========================================================================
Received Import Request.
  Time since last request: 86.593444 seconds.
  path: Assets/_Scene_0
  artifactKey: Guid(ca1c1869dd5710e4dbff7fc5bb5769c6) Importer(815301076,1909f56bfc062723c751e8b465ee728b)
Start importing Assets/_Scene_0 using Guid(ca1c1869dd5710e4dbff7fc5bb5769c6) Importer(815301076,1909f56bfc062723c751e8b465ee728b)  -> (artifact id: 'f44edbd244131c7723f147855df3df4a') in 0.006342 seconds 
========================================================================
Received Import Request.
  Time since last request: 0.705665 seconds.
  path: Assets/_Scene_0/LightingData.asset
  artifactKey: Guid(73a347b251bb11c4f8fe126369ddc958) Importer(815301076,1909f56bfc062723c751e8b465ee728b)
Start importing Assets/_Scene_0/LightingData.asset using Guid(73a347b251bb11c4f8fe126369ddc958) Importer(815301076,1909f56bfc062723c751e8b465ee728b) Lighting data asset ‘LightingData’ is incompatible with the current Unity version. Please use Generate Lighting to rebuild the lighting data.  Realtime Global Illumination cannot be used until the lighting data is rebuilt.

 -> (artifact id: '8ffc7922f6ca5440e84d8e4fffe4c023') in 0.018919 seconds 
========================================================================
Received Import Request.
  Time since last request: 75.003538 seconds.
  path: Assets/_Scene_0/LightingData.asset
  artifactKey: Guid(73a347b251bb11c4f8fe126369ddc958) Importer(2089858483,934ff659095e30574adcf32a4c2f97b5)
Start importing Assets/_Scene_0/LightingData.asset using Guid(73a347b251bb11c4f8fe126369ddc958) Importer(2089858483,934ff659095e30574adcf32a4c2f97b5)  -> (artifact id: '5236dae1bbfeb0662ff80624bcc581c7') in 0.014071 seconds 
========================================================================
Received Import Request.
  Time since last request: 0.000247 seconds.
  path: Assets/_Scene_0/ReflectionProbe-0.exr
  artifactKey: Guid(88bba3ce5b6378a419781b5b919db302) Importer(2089858483,934ff659095e30574adcf32a4c2f97b5)
Start importing Assets/_Scene_0/ReflectionProbe-0.exr using Guid(88bba3ce5b6378a419781b5b919db302) Importer(2089858483,934ff659095e30574adcf32a4c2f97b5)  -> (artifact id: '7511434a7a1e9df4a0ba9329d5a0335c') in 0.014924 seconds 
========================================================================
Received Prepare
Registering precompiled user dll's ...
Registered in 0.014341 seconds.
Begin MonoManager ReloadAssembly
Symbol file LoadedFromMemory doesn't match image C:\Users\derle\OneDrive\Documents\GameCreation\Studying Projects\Apple Picker Prototype\Library\PackageCache\com.unity.visualscripting@1.6.1\Editor\VisualScripting.Core\Dependencies\YamlDotNet\Unity.VisualScripting.YamlDotNet.dll
Symbol file LoadedFromMemory doesn't match image C:\Users\derle\OneDrive\Documents\GameCreation\Studying Projects\Apple Picker Prototype\Library\PackageCache\com.unity.visualscripting@1.6.1\Editor\VisualScripting.Core\Dependencies\DotNetZip\Unity.VisualScripting.IonicZip.dll
Native extension for Lumin target not found
Native extension for LinuxStandalone target not found
Native extension for WindowsStandalone target not found
Native extension for OSXStandalone target not found
Native extension for WebGL target not found
Refreshing native plugins compatible for Editor in 0.69 ms, found 3 plugins.
Preloading 0 native plugins for Editor in 0.00 ms.
Mono: successfully reloaded assembly
- Completed reload, in  1.622 seconds
Domain Reload Profiling:
	ReloadAssembly (1623ms)
		BeginReloadAssembly (161ms)
			ExecutionOrderSort (0ms)
			DisableScriptedObjects (7ms)
			BackupInstance (0ms)
			ReleaseScriptingObjects (0ms)
			CreateAndSetChildDomain (52ms)
		EndReloadAssembly (1366ms)
			LoadAssemblies (136ms)
			RebuildTransferFunctionScriptingTraits (0ms)
			SetupTypeCache (485ms)
			ReleaseScriptCaches (2ms)
			RebuildScriptCaches (78ms)
			SetupLoadedEditorAssemblies (504ms)
				LogAssemblyErrors (0ms)
				InitializePlatformSupportModulesInManaged (15ms)
				SetLoadedEditorAssemblies (1ms)
				RefreshPlugins (1ms)
				BeforeProcessingInitializeOnLoad (127ms)
				ProcessInitializeOnLoadAttributes (343ms)
				ProcessInitializeOnLoadMethodAttributes (6ms)
				AfterProcessingInitializeOnLoad (12ms)
				EditorAssembliesLoaded (0ms)
			ExecutionOrderSort2 (0ms)
			AwakeInstancesAfterBackupRestoration (11ms)
Platform modules already initialized, skipping
Refreshing native plugins compatible for Editor in 0.70 ms, found 3 plugins.
Preloading 0 native plugins for Editor in 0.00 ms.
Unloading 2950 Unused Serialized files (Serialized files now loaded: 0)
System memory in use before: 107.0 MB.
System memory in use after: 107.2 MB.

Unloading 17 unused Assets to reduce memory usage. Loaded Objects now: 3408.
Total: 3.547700 ms (FindLiveObjects: 0.290200 ms CreateObjectMapping: 0.168400 ms MarkObjects: 3.063600 ms  DeleteObjects: 0.023700 ms)

AssetImportParameters requested are different than current active one (requested -> active):
  custom:framework-win-MediaFoundation: 216162199b28c13a410421893ffa2e32 -> 
  custom:video-decoder-ogg-theora: a1e56fd34408186e4bbccfd4996cb3dc -> 
  custom:container-muxer-webm: aa71ff27fc2769a1b78a27578f13a17b -> 
  custom:container-demuxer-webm: 4f35f7cbe854078d1ac9338744f61a02 -> 
  custom:container-demuxer-ogg: 62fdf1f143b41e24485cea50d1cbac27 -> 
  custom:video-encoder-webm-vp8: eb34c28f22e8b96e1ab97ce403110664 -> 
  custom:video-decoder-webm-vp8: 9c59270c3fd7afecdb556c50c9e8de78 -> 
  custom:audio-decoder-ogg-vorbis: bf7c407c2cedff20999df2af8eb42d56 -> 
  custom:audio-encoder-webm-vorbis: bf7c407c2cedff20999df2af8eb42d56 -> 
========================================================================
Received Import Request.
  Time since last request: 54.568830 seconds.
  path: Assets/StartWindow.cs
  artifactKey: Guid(48b9dc682f1046f45800707b68fd1836) Importer(815301076,1909f56bfc062723c751e8b465ee728b)
Start importing Assets/StartWindow.cs using Guid(48b9dc682f1046f45800707b68fd1836) Importer(815301076,1909f56bfc062723c751e8b465ee728b)  -> (artifact id: 'e5ff88ca9dc6a64e32b44e1bbd31130a') in 0.010111 seconds 
========================================================================
Received Import Request.
  Time since last request: 854.725840 seconds.
  path: Assets/_Scene_0.unity
  artifactKey: Guid(a70cdf6ba5e9cd94d807ff9cbb1a23fe) Importer(815301076,1909f56bfc062723c751e8b465ee728b)
Start importing Assets/_Scene_0.unity using Guid(a70cdf6ba5e9cd94d807ff9cbb1a23fe) Importer(815301076,1909f56bfc062723c751e8b465ee728b)  -> (artifact id: 'ffe458815abe75d7d85178c88196d71f') in 0.017640 seconds 
========================================================================
Received Import Request.
  Time since last request: 7.469287 seconds.
  path: Assets/_Scene_1.unity
  artifactKey: Guid(a70cdf6ba5e9cd94d807ff9cbb1a23fe) Importer(815301076,1909f56bfc062723c751e8b465ee728b)
Start importing Assets/_Scene_1.unity using Guid(a70cdf6ba5e9cd94d807ff9cbb1a23fe) Importer(815301076,1909f56bfc062723c751e8b465ee728b)  -> (artifact id: '3d0b007f4a20da8757512ea4dd7d0162') in 0.007353 seconds 
========================================================================
Received Import Request.
  Time since last request: 50.928419 seconds.
  path: Assets/_Scene_1
  artifactKey: Guid(ca1c1869dd5710e4dbff7fc5bb5769c6) Importer(815301076,1909f56bfc062723c751e8b465ee728b)
Start importing Assets/_Scene_1 using Guid(ca1c1869dd5710e4dbff7fc5bb5769c6) Importer(815301076,1909f56bfc062723c751e8b465ee728b)  -> (artifact id: '91bf6e14ddd0735303183c4bcdad651d') in 0.008771 seconds 
